[debug] [2020-03-30T07:39:36.074Z] ----------------------------------------------------------------------
[debug] [2020-03-30T07:39:36.078Z] Command:       C:\Program Files\nodejs\node.exe C:\Users\cbsin\AppData\Roaming\npm\node_modules\firebase-tools\lib\bin\firebase.js init
[debug] [2020-03-30T07:39:36.078Z] CLI Version:   7.16.1
[debug] [2020-03-30T07:39:36.078Z] Platform:      win32
[debug] [2020-03-30T07:39:36.078Z] Node Version:  v12.16.1
[debug] [2020-03-30T07:39:36.079Z] Time:          Mon Mar 30 2020 13:09:36 GMT+0530 (India Standard Time)
[debug] [2020-03-30T07:39:36.080Z] ----------------------------------------------------------------------
[debug] [2020-03-30T07:39:36.080Z] 
[debug] [2020-03-30T07:39:36.098Z] > command requires scopes: ["email","openid","https://www.googleapis.com/auth/cloudplatformprojects.readonly","https://www.googleapis.com/auth/firebase","https://www.googleapis.com/auth/cloud-platform"]
[debug] [2020-03-30T07:39:36.099Z] > authorizing via signed-in user
[info] 
     ######## #### ########  ######## ########     ###     ######  ########
     ##        ##  ##     ## ##       ##     ##  ##   ##  ##       ##
     ######    ##  ########  ######   ########  #########  ######  ######
     ##        ##  ##    ##  ##       ##     ## ##     ##       ## ##
     ##       #### ##     ## ######## ########  ##     ##  ######  ########

You're about to initialize a Firebase project in this directory:

  C:\Users\cbsin\OneDrive\Desktop\Project\AdhocTaskXorient

Before we get started, keep in mind:

  * You are initializing in an existing Firebase project directory

[info] 
=== Project Setup
[info] 
[info] First, let's associate this project directory with a Firebase project.
[info] You can create multiple project aliases by running firebase use --add, 
[info] but for now we'll just set up a default project.
[info] 
[info] i  If you want to create a project in a Google Cloud organization or folder, please use "firebase projects:create" instead, and return to this command when you've created the project.
[debug] [2020-03-30T07:46:07.460Z] > refreshing access token with scopes: ["email","https://www.googleapis.com/auth/cloud-platform","https://www.googleapis.com/auth/cloudplatformprojects.readonly","https://www.googleapis.com/auth/firebase","openid"]
[debug] [2020-03-30T07:46:07.460Z] >>> HTTP REQUEST POST https://www.googleapis.com/oauth2/v3/token  
 <request body omitted>
[debug] [2020-03-30T07:46:07.858Z] <<< HTTP RESPONSE 200
[debug] [2020-03-30T07:46:07.911Z] >>> HTTP REQUEST POST https://cloudresourcemanager.googleapis.com/v1/projects  

[debug] [2020-03-30T07:46:10.223Z] <<< HTTP RESPONSE 200
[debug] [2020-03-30T07:46:10.227Z] >>> HTTP REQUEST GET https://cloudresourcemanager.googleapis.com/v1/operations/cp.7609910709438928144  
 
[debug] [2020-03-30T07:46:12.148Z] <<< HTTP RESPONSE 200
[debug] [2020-03-30T07:46:12.648Z] [Project Creation Poller] Retrying task index 0
[debug] [2020-03-30T07:46:12.649Z] >>> HTTP REQUEST GET https://cloudresourcemanager.googleapis.com/v1/operations/cp.7609910709438928144  
 
[debug] [2020-03-30T07:46:14.583Z] <<< HTTP RESPONSE 200
[debug] [2020-03-30T07:46:14.620Z] >>> HTTP REQUEST POST https://firebase.googleapis.com/v1beta1/projects/xorianttask:addFirebase  
 
[debug] [2020-03-30T07:46:15.635Z] <<< HTTP RESPONSE 403
[debug] [2020-03-30T07:46:15.635Z] <<< HTTP RESPONSE BODY
[debug] [2020-03-30T07:46:15.636Z] HTTP Error: 403, The caller does not have permission
[debug] [2020-03-30T07:46:15.968Z] FirebaseError: HTTP Error: 403, The caller does not have permission
    at module.exports (C:\Users\cbsin\AppData\Roaming\npm\node_modules\firebase-tools\lib\responseToError.js:38:12)
    at Request._callback (C:\Users\cbsin\AppData\Roaming\npm\node_modules\firebase-tools\lib\api.js:40:35)
    at Request.self.callback (C:\Users\cbsin\AppData\Roaming\npm\node_modules\firebase-tools\node_modules\request\request.js:185:22)
    at Request.emit (events.js:311:20)
    at Request.EventEmitter.emit (domain.js:482:12)
    at Request.<anonymous> (C:\Users\cbsin\AppData\Roaming\npm\node_modules\firebase-tools\node_modules\request\request.js:1154:10)
    at Request.emit (events.js:311:20)
    at Request.EventEmitter.emit (domain.js:482:12)
    at IncomingMessage.<anonymous> (C:\Users\cbsin\AppData\Roaming\npm\node_modules\firebase-tools\node_modules\request\request.js:1076:12)
    at Object.onceWrapper (events.js:417:28)
    at IncomingMessage.emit (events.js:323:22)
    at IncomingMessage.EventEmitter.emit (domain.js:482:12)
    at endReadableNT (_stream_readable.js:1204:12)
    at processTicksAndRejections (internal/process/task_queues.js:84:21)
[error] 
[error] Error: Failed to add Firebase to Google Cloud Platform project. See firebase-debug.log for more info.
